{
"contracts/NftMarketplace.sol":{"l":{"31":0,"32":0,"33":0,"35":0,"42":0,"43":0,"44":0,"45":0,"47":0,"56":0,"57":0,"59":0,"60":0,"61":0,"63":0,"64":0},"path":"/home/dheeraj/SelfStudy/chainlink_2022fall_hackerthon/digilocker/contracts/NftMarketplace.sol","s":{"1":0,"2":0,"3":0,"4":0,"5":0,"6":0,"7":0,"8":0,"9":0},"b":{"1":[0,0],"2":[0,0],"3":[0,0],"4":[0,0],"5":[0,0],"6":[0,0]},"f":{"1":0,"2":0,"3":0},"fnMap":{"1":{"name":"notListed","line":26,"loc":{"start":{"line":26,"column":4},"end":{"line":36,"column":4}}},"2":{"name":"isOwner","line":37,"loc":{"start":{"line":37,"column":4},"end":{"line":48,"column":4}}},"3":{"name":"listItem","line":55,"loc":{"start":{"line":51,"column":4},"end":{"line":65,"column":4}}}},"statementMap":{"1":{"start":{"line":31,"column":8},"end":{"line":31,"column":63}},"2":{"start":{"line":32,"column":8},"end":{"line":32,"column":890}},"3":{"start":{"line":42,"column":8},"end":{"line":42,"column":41}},"4":{"start":{"line":43,"column":8},"end":{"line":43,"column":44}},"5":{"start":{"line":44,"column":8},"end":{"line":44,"column":1215}},"6":{"start":{"line":56,"column":8},"end":{"line":56,"column":1541}},"7":{"start":{"line":59,"column":8},"end":{"line":59,"column":41}},"8":{"start":{"line":60,"column":8},"end":{"line":60,"column":1678}},"9":{"start":{"line":64,"column":8},"end":{"line":64,"column":63}}},"branchMap":{"1":{"line":32,"type":"if","locations":[{"start":{"line":32,"column":8},"end":{"line":32,"column":8}},{"start":{"line":32,"column":8},"end":{"line":32,"column":8}}]},"2":{"line":44,"type":"if","locations":[{"start":{"line":44,"column":8},"end":{"line":44,"column":8}},{"start":{"line":44,"column":8},"end":{"line":44,"column":8}}]},"3":{"line":55,"type":"if","locations":[{"start":{"line":55,"column":15},"end":{"line":55,"column":15}},{"start":{"line":55,"column":15},"end":{"line":55,"column":15}}]},"4":{"line":55,"type":"if","locations":[{"start":{"line":55,"column":58},"end":{"line":55,"column":58}},{"start":{"line":55,"column":58},"end":{"line":55,"column":58}}]},"5":{"line":56,"type":"if","locations":[{"start":{"line":56,"column":8},"end":{"line":56,"column":8}},{"start":{"line":56,"column":8},"end":{"line":56,"column":8}}]},"6":{"line":60,"type":"if","locations":[{"start":{"line":60,"column":8},"end":{"line":60,"column":8}},{"start":{"line":60,"column":8},"end":{"line":60,"column":8}}]}}}}
