TN:
SF:/home/dheeraj/SelfStudy/chainlink_2022fall_hackerthon/digilocker/contracts/NftMarketplace.sol
FN:26,notListed
FN:37,isOwner
FN:55,listItem
FNF:3
FNH:0
FNDA:0,notListed
FNDA:0,isOwner
FNDA:0,listItem
DA:31,0
DA:32,0
DA:33,0
DA:35,0
DA:42,0
DA:43,0
DA:44,0
DA:45,0
DA:47,0
DA:56,0
DA:57,0
DA:59,0
DA:60,0
DA:61,0
DA:63,0
DA:64,0
LF:16
LH:0
BRDA:32,1,0,0
BRDA:32,1,1,0
BRDA:44,2,0,0
BRDA:44,2,1,0
BRDA:55,3,0,0
BRDA:55,3,1,0
BRDA:55,4,0,0
BRDA:55,4,1,0
BRDA:56,5,0,0
BRDA:56,5,1,0
BRDA:60,6,0,0
BRDA:60,6,1,0
BRF:12
BRH:0
end_of_record
